<?xml version="1.0" encoding="UTF-8"?>
<testsuite xmlns:xsi="http://www.w3.org/2001/XMLSchema-instance" xsi:noNamespaceSchemaLocation="https://maven.apache.org/surefire/maven-surefire-plugin/xsd/surefire-test-report-3.0.xsd" version="3.0" name="Tester" time="0.077" tests="8" errors="0" skipped="0" failures="0">
  <properties>
[...]
</properties>
  <testcase name="test_insertionSort1" classname="Tester" time="0.031">
    <system-out><![CDATA[Insertion Sort 1 - Time taken: 4600 ns
]]></system-out>
  </testcase>
  <testcase name="test_insertionSort2" classname="Tester" time="0.001">
    <system-out><![CDATA[Insertion Sort 2 - Time taken: 3000 ns
]]></system-out>
  </testcase>
  <testcase name="test_insertionSort3" classname="Tester" time="0.001">
    <system-out><![CDATA[Insertion Sort 3 - Time taken: 2800 ns
]]></system-out>
  </testcase>
  <testcase name="test_insertionSort4" classname="Tester" time="0.001">
    <system-out><![CDATA[Insertion Sort 4 - Time taken: 3000 ns
]]></system-out>
  </testcase>
  <testcase name="test_bubbleSort1" classname="Tester" time="0.003">
    <system-out><![CDATA[Bubble Sort 1 - Time taken: 11700 ns
]]></system-out>
  </testcase>
  <testcase name="test_bubbleSort2" classname="Tester" time="0.002">
    <system-out><![CDATA[Bubble Sort 2 - Time taken: 8400 ns
]]></system-out>
  </testcase>
  <testcase name="test_bubbleSort3" classname="Tester" time="0.003">
    <system-out><![CDATA[Bubble Sort 3 - Time taken: 8100 ns
]]></system-out>
  </testcase>
  <testcase name="test_bubbleSort4" classname="Tester" time="0.002">
    <system-out><![CDATA[Bubble Sort 4 - Time taken: 5200 ns
]]></system-out>
  </testcase>
</testsuite>